# JRE version: OpenJDK Runtime Environment (10.0.2+13) (build 10.0.2+13-Ubuntu-1ubuntu0.18.04.3)
# Java VM: OpenJDK 64-Bit Server VM (10.0.2+13-Ubuntu-1ubuntu0.18.04.3, mixed mode, tiered, g1 gc, linux-amd64)
Heap:
 garbage-first heap   total 7208960K, used 1864251K [0x00007bc92c000000, 0x00007fc92c000000)
  region size 32768K, 1 young (32768K), 1 survivors (32768K)
 Metaspace       used 18644K, capacity 18885K, committed 19200K, reserved 20480K
GC Heap History (10 events):
Event: 632.093 GC heap after
{Heap after GC invocations=73 (full 0):
 garbage-first heap   total 5996544K, used 1864172K [0x00007bc92c000000, 0x00007fc92c000000)
  region size 32768K, 1 young (32768K), 1 survivors (32768K)
 Metaspace       used 18636K, capacity 18885K, committed 19200K, reserved 20480K
}
Event: 633.353 GC heap before
{Heap before GC invocations=73 (full 0):
 garbage-first heap   total 5996544K, used 2126316K [0x00007bc92c000000, 0x00007fc92c000000)
  region size 32768K, 9 young (294912K), 1 survivors (32768K)
 Metaspace       used 18642K, capacity 18885K, committed 19200K, reserved 20480K
}
Event: 633.360 GC heap after
{Heap after GC invocations=74 (full 0):
 garbage-first heap   total 5996544K, used 1864151K [0x00007bc92c000000, 0x00007fc92c000000)
  region size 32768K, 1 young (32768K), 1 survivors (32768K)
 Metaspace       used 18642K, capacity 18885K, committed 19200K, reserved 20480K
}
Event: 633.824 GC heap before
{Heap before GC invocations=74 (full 0):
 garbage-first heap   total 5996544K, used 2126295K [0x00007bc92c000000, 0x00007fc92c000000)
  region size 32768K, 9 young (294912K), 1 survivors (32768K)
 Metaspace       used 18644K, capacity 18885K, committed 19200K, reserved 20480K
}
Event: 633.831 GC heap after
{Heap after GC invocations=75 (full 0):
 garbage-first heap   total 5996544K, used 1864116K [0x00007bc92c000000, 0x00007fc92c000000)
  region size 32768K, 1 young (32768K), 1 survivors (32768K)
 Metaspace       used 18644K, capacity 18885K, committed 19200K, reserved 20480K
}
Event: 634.232 GC heap before
{Heap before GC invocations=75 (full 0):
 garbage-first heap   total 5996544K, used 2126260K [0x00007bc92c000000, 0x00007fc92c000000)
  region size 32768K, 9 young (294912K), 1 survivors (32768K)
 Metaspace       used 18644K, capacity 18885K, committed 19200K, reserved 20480K
}
Event: 634.238 GC heap after
{Heap after GC invocations=76 (full 0):
 garbage-first heap   total 5996544K, used 1864185K [0x00007bc92c000000, 0x00007fc92c000000)
  region size 32768K, 1 young (32768K), 1 survivors (32768K)
 Metaspace       used 18644K, capacity 18885K, committed 19200K, reserved 20480K
}
Event: 634.723 GC heap before
{Heap before GC invocations=76 (full 0):
 garbage-first heap   total 5996544K, used 2126329K [0x00007bc92c000000, 0x00007fc92c000000)
  region size 32768K, 9 young (294912K), 1 survivors (32768K)
 Metaspace       used 18644K, capacity 18885K, committed 19200K, reserved 20480K
}
Event: 634.730 GC heap after
{Heap after GC invocations=77 (full 0):
 garbage-first heap   total 5996544K, used 1864286K [0x00007bc92c000000, 0x00007fc92c000000)
  region size 32768K, 1 young (32768K), 1 survivors (32768K)
 Metaspace       used 18644K, capacity 18885K, committed 19200K, reserved 20480K
}
Event: 635.055 GC heap before
{Heap before GC invocations=77 (full 0):
 garbage-first heap   total 5996544K, used 2126430K [0x00007bc92c000000, 0x00007fc92c000000)
  region size 32768K, 9 young (294912K), 1 survivors (32768K)
 Metaspace       used 18644K, capacity 18885K, committed 19200K, reserved 20480K
}

