# JRE version: OpenJDK Runtime Environment (10.0.2+13) (build 10.0.2+13-Ubuntu-1ubuntu0.18.04.3)
# Java VM: OpenJDK 64-Bit Server VM (10.0.2+13-Ubuntu-1ubuntu0.18.04.3, mixed mode, tiered, g1 gc, linux-amd64)
Heap:
 garbage-first heap   total 5799936K, used 1461952K [0x00007bfb5c000000, 0x00007ffb5c000000)
  region size 32768K, 1 young (32768K), 1 survivors (32768K)
 Metaspace       used 17412K, capacity 17625K, committed 17920K, reserved 18432K
GC Heap History (10 events):
Event: 144.020 GC heap after
{Heap after GC invocations=114 (full 0):
 garbage-first heap   total 1376256K, used 1244249K [0x00007bfb5c000000, 0x00007ffb5c000000)
  region size 32768K, 1 young (32768K), 1 survivors (32768K)
 Metaspace       used 17412K, capacity 17625K, committed 17920K, reserved 18432K
}
Event: 144.453 GC heap before
{Heap before GC invocations=115 (full 0):
 garbage-first heap   total 1376256K, used 1277017K [0x00007bfb5c000000, 0x00007ffb5c000000)
  region size 32768K, 2 young (65536K), 1 survivors (32768K)
 Metaspace       used 17412K, capacity 17625K, committed 17920K, reserved 18432K
}
Event: 144.827 GC heap after
{Heap after GC invocations=116 (full 0):
 garbage-first heap   total 1933312K, used 1258553K [0x00007bfb5c000000, 0x00007ffb5c000000)
  region size 32768K, 1 young (32768K), 1 survivors (32768K)
 Metaspace       used 17412K, capacity 17625K, committed 17920K, reserved 18432K
}
Event: 147.241 GC heap before
{Heap before GC invocations=116 (full 0):
 garbage-first heap   total 1933312K, used 1356857K [0x00007bfb5c000000, 0x00007ffb5c000000)
  region size 32768K, 4 young (131072K), 1 survivors (32768K)
 Metaspace       used 17412K, capacity 17625K, committed 17920K, reserved 18432K
}
Event: 147.266 GC heap after
{Heap after GC invocations=117 (full 0):
 garbage-first heap   total 1933312K, used 1307914K [0x00007bfb5c000000, 0x00007ffb5c000000)
  region size 32768K, 1 young (32768K), 1 survivors (32768K)
 Metaspace       used 17412K, capacity 17625K, committed 17920K, reserved 18432K
}
Event: 155.371 GC heap before
{Heap before GC invocations=118 (full 0):
 garbage-first heap   total 1933312K, used 1438986K [0x00007bfb5c000000, 0x00007ffb5c000000)
  region size 32768K, 5 young (163840K), 1 survivors (32768K)
 Metaspace       used 17412K, capacity 17625K, committed 17920K, reserved 18432K
}
Event: 156.849 GC heap after
{Heap after GC invocations=119 (full 0):
 garbage-first heap   total 1933312K, used 1372891K [0x00007bfb5c000000, 0x00007ffb5c000000)
  region size 32768K, 1 young (32768K), 1 survivors (32768K)
 Metaspace       used 17412K, capacity 17625K, committed 17920K, reserved 18432K
}
Event: 167.738 GC heap before
{Heap before GC invocations=119 (full 0):
 garbage-first heap   total 1933312K, used 1471195K [0x00007bfb5c000000, 0x00007ffb5c000000)
  region size 32768K, 4 young (131072K), 1 survivors (32768K)
 Metaspace       used 17412K, capacity 17625K, committed 17920K, reserved 18432K
}
Event: 168.024 GC heap after
{Heap after GC invocations=120 (full 0):
 garbage-first heap   total 1933312K, used 1417474K [0x00007bfb5c000000, 0x00007ffb5c000000)
  region size 32768K, 1 young (32768K), 1 survivors (32768K)
 Metaspace       used 17412K, capacity 17625K, committed 17920K, reserved 18432K
}
Event: 173.747 GC heap before
{Heap before GC invocations=121 (full 0):
 garbage-first heap   total 1933312K, used 1515778K [0x00007bfb5c000000, 0x00007ffb5c000000)
  region size 32768K, 4 young (131072K), 1 survivors (32768K)
 Metaspace       used 17412K, capacity 17625K, committed 17920K, reserved 18432K
}

