# JRE version: OpenJDK Runtime Environment (10.0.2+13) (build 10.0.2+13-Ubuntu-1ubuntu0.18.04.3)
# Java VM: OpenJDK 64-Bit Server VM (10.0.2+13-Ubuntu-1ubuntu0.18.04.3, mixed mode, tiered, g1 gc, linux-amd64)
Heap:
 garbage-first heap   total 7241728K, used 1832166K [0x00007bcfd4000000, 0x00007fcfd4000000)
  region size 32768K, 1 young (32768K), 1 survivors (32768K)
 Metaspace       used 18026K, capacity 18203K, committed 18432K, reserved 18432K
GC Heap History (10 events):
Event: 12.249 GC heap after
{Heap after GC invocations=26 (full 0):
 garbage-first heap   total 1966080K, used 1069853K [0x00007bcfd4000000, 0x00007fcfd4000000)
  region size 32768K, 2 young (65536K), 2 survivors (65536K)
 Metaspace       used 17240K, capacity 17435K, committed 17664K, reserved 18432K
}
Event: 13.348 GC heap before
{Heap before GC invocations=26 (full 0):
 garbage-first heap   total 1966080K, used 1331997K [0x00007bcfd4000000, 0x00007fcfd4000000)
  region size 32768K, 10 young (327680K), 2 survivors (65536K)
 Metaspace       used 17243K, capacity 17435K, committed 17664K, reserved 18432K
}
Event: 13.400 GC heap after
{Heap after GC invocations=27 (full 0):
 garbage-first heap   total 3932160K, used 1161696K [0x00007bcfd4000000, 0x00007fcfd4000000)
  region size 32768K, 2 young (65536K), 2 survivors (65536K)
 Metaspace       used 17243K, capacity 17435K, committed 17664K, reserved 18432K
}
Event: 16.081 GC heap before
{Heap before GC invocations=28 (full 0):
 garbage-first heap   total 3932160K, used 1817056K [0x00007bcfd4000000, 0x00007fcfd4000000)
  region size 32768K, 22 young (720896K), 2 survivors (65536K)
 Metaspace       used 17251K, capacity 17435K, committed 17664K, reserved 18432K
}
Event: 16.196 GC heap after
{Heap after GC invocations=29 (full 0):
 garbage-first heap   total 3932160K, used 1457498K [0x00007bcfd4000000, 0x00007fcfd4000000)
  region size 32768K, 3 young (98304K), 3 survivors (98304K)
 Metaspace       used 17251K, capacity 17435K, committed 17664K, reserved 18432K
}
Event: 18.328 GC heap before
{Heap before GC invocations=29 (full 0):
 garbage-first heap   total 3932160K, used 2112858K [0x00007bcfd4000000, 0x00007fcfd4000000)
  region size 32768K, 23 young (753664K), 3 survivors (98304K)
 Metaspace       used 17278K, capacity 17435K, committed 17664K, reserved 18432K
}
Event: 18.462 GC heap after
{Heap after GC invocations=30 (full 0):
 garbage-first heap   total 3932160K, used 1766684K [0x00007bcfd4000000, 0x00007fcfd4000000)
  region size 32768K, 3 young (98304K), 3 survivors (98304K)
 Metaspace       used 17278K, capacity 17435K, committed 17664K, reserved 18432K
}
Event: 21.806 GC heap before
{Heap before GC invocations=30 (full 0):
 garbage-first heap   total 3932160K, used 2454812K [0x00007bcfd4000000, 0x00007fcfd4000000)
  region size 32768K, 24 young (786432K), 3 survivors (98304K)
 Metaspace       used 17987K, capacity 18203K, committed 18432K, reserved 18432K
}
Event: 21.841 GC heap after
{Heap after GC invocations=31 (full 0):
 garbage-first heap   total 3932160K, used 1829043K [0x00007bcfd4000000, 0x00007fcfd4000000)
  region size 32768K, 2 young (65536K), 2 survivors (65536K)
 Metaspace       used 17987K, capacity 18203K, committed 18432K, reserved 18432K
}
Event: 23.330 GC heap before
{Heap before GC invocations=31 (full 0):
 garbage-first heap   total 3932160K, used 2549939K [0x00007bcfd4000000, 0x00007fcfd4000000)
  region size 32768K, 24 young (786432K), 2 survivors (65536K)
 Metaspace       used 18026K, capacity 18203K, committed 18432K, reserved 18432K
}

