# JRE version: OpenJDK Runtime Environment (10.0.2+13) (build 10.0.2+13-Ubuntu-1ubuntu0.18.04.3)
# Java VM: OpenJDK 64-Bit Server VM (10.0.2+13-Ubuntu-1ubuntu0.18.04.3, mixed mode, tiered, g1 gc, linux-amd64)
Heap:
 garbage-first heap   total 7897088K, used 1688072K [0x00007be70c000000, 0x00007fe70c000000)
  region size 32768K, 1 young (32768K), 1 survivors (32768K)
 Metaspace       used 17543K, capacity 17753K, committed 17920K, reserved 18432K
GC Heap History (10 events):
Event: 127.907 GC heap after
{Heap after GC invocations=57 (full 0):
 garbage-first heap   total 4194304K, used 1518852K [0x00007be70c000000, 0x00007fe70c000000)
  region size 32768K, 1 young (32768K), 1 survivors (32768K)
 Metaspace       used 17494K, capacity 17689K, committed 17920K, reserved 18432K
}
Event: 131.309 GC heap before
{Heap before GC invocations=57 (full 0):
 garbage-first heap   total 4194304K, used 1977604K [0x00007be70c000000, 0x00007fe70c000000)
  region size 32768K, 8 young (262144K), 1 survivors (32768K)
 Metaspace       used 17494K, capacity 17689K, committed 17920K, reserved 18432K
}
Event: 131.339 GC heap after
{Heap after GC invocations=58 (full 0):
 garbage-first heap   total 4194304K, used 1792520K [0x00007be70c000000, 0x00007fe70c000000)
  region size 32768K, 1 young (32768K), 1 survivors (32768K)
 Metaspace       used 17494K, capacity 17689K, committed 17920K, reserved 18432K
}
Event: 134.344 GC heap before
{Heap before GC invocations=58 (full 0):
 garbage-first heap   total 4194304K, used 2087432K [0x00007be70c000000, 0x00007fe70c000000)
  region size 32768K, 10 young (327680K), 1 survivors (32768K)
 Metaspace       used 17494K, capacity 17689K, committed 17920K, reserved 18432K
}
Event: 134.369 GC heap after
{Heap after GC invocations=59 (full 0):
 garbage-first heap   total 4194304K, used 1794824K [0x00007be70c000000, 0x00007fe70c000000)
  region size 32768K, 2 young (65536K), 2 survivors (65536K)
 Metaspace       used 17494K, capacity 17689K, committed 17920K, reserved 18432K
}
Event: 163.549 GC heap before
{Heap before GC invocations=59 (full 0):
 garbage-first heap   total 4194304K, used 2155272K [0x00007be70c000000, 0x00007fe70c000000)
  region size 32768K, 13 young (425984K), 2 survivors (65536K)
 Metaspace       used 17499K, capacity 17689K, committed 17920K, reserved 18432K
}
Event: 165.431 GC heap after
{Heap after GC invocations=60 (full 0):
 garbage-first heap   total 4194304K, used 1868128K [0x00007be70c000000, 0x00007fe70c000000)
  region size 32768K, 2 young (65536K), 2 survivors (65536K)
 Metaspace       used 17499K, capacity 17689K, committed 17920K, reserved 18432K
}
Event: 190.812 GC heap before
{Heap before GC invocations=60 (full 0):
 garbage-first heap   total 4194304K, used 1999200K [0x00007be70c000000, 0x00007fe70c000000)
  region size 32768K, 6 young (196608K), 2 survivors (65536K)
 Metaspace       used 17522K, capacity 17689K, committed 17920K, reserved 18432K
}
Event: 191.017 GC heap after
{Heap after GC invocations=61 (full 0):
 garbage-first heap   total 4194304K, used 1651139K [0x00007be70c000000, 0x00007fe70c000000)
  region size 32768K, 1 young (32768K), 1 survivors (32768K)
 Metaspace       used 17522K, capacity 17689K, committed 17920K, reserved 18432K
}
Event: 210.363 GC heap before
{Heap before GC invocations=61 (full 0):
 garbage-first heap   total 4194304K, used 1814979K [0x00007be70c000000, 0x00007fe70c000000)
  region size 32768K, 6 young (196608K), 1 survivors (32768K)
 Metaspace       used 17543K, capacity 17753K, committed 17920K, reserved 18432K
}

